[2020-01-03 01:26:39,814 - INFO] Testing: ./input/.DS_Store
[2020-01-03 01:26:39,814 - INFO] Testing: ./input/maxresdefault.jpg
[2020-01-03 01:26:40,027 - INFO] 2 faces are detected.
[2020-01-03 01:26:43,380 - INFO] Prob = 0.90064895
[2020-01-03 01:26:43,381 - INFO] Testing: ./input/abofeumbvv.mp4
[2020-01-03 01:26:46,617 - INFO] Frame 0
[2020-01-03 01:26:46,918 - WARNING] No faces are detected.
[2020-01-03 01:26:46,918 - INFO] Frame 1
[2020-01-03 01:26:47,209 - WARNING] No faces are detected.
[2020-01-03 01:26:47,209 - INFO] Frame 2
[2020-01-03 01:26:47,519 - WARNING] No faces are detected.
[2020-01-03 01:26:47,519 - INFO] Frame 3
[2020-01-03 01:26:47,842 - WARNING] No faces are detected.
[2020-01-03 01:26:47,842 - INFO] Frame 4
[2020-01-03 01:26:48,168 - WARNING] No faces are detected.
[2020-01-03 01:26:48,169 - INFO] Frame 5
[2020-01-03 01:26:48,472 - WARNING] No faces are detected.
[2020-01-03 01:26:48,473 - INFO] Frame 6
[2020-01-03 01:26:48,884 - WARNING] No faces are detected.
[2020-01-03 01:26:48,884 - INFO] Frame 7
[2020-01-03 01:26:49,315 - WARNING] No faces are detected.
[2020-01-03 01:26:49,315 - INFO] Frame 8
[2020-01-03 01:26:49,624 - WARNING] No faces are detected.
[2020-01-03 01:26:49,624 - INFO] Frame 9
[2020-01-03 01:26:49,933 - WARNING] No faces are detected.
[2020-01-03 01:26:49,934 - INFO] Frame 10
[2020-01-03 01:26:50,274 - WARNING] No faces are detected.
[2020-01-03 01:26:50,274 - INFO] Frame 11
[2020-01-03 01:26:50,655 - WARNING] No faces are detected.
[2020-01-03 01:26:50,655 - INFO] Frame 12
[2020-01-03 01:26:50,960 - WARNING] No faces are detected.
[2020-01-03 01:26:50,960 - INFO] Frame 13
[2020-01-03 01:26:51,284 - WARNING] No faces are detected.
[2020-01-03 01:26:51,284 - INFO] Frame 14
[2020-01-03 01:26:51,651 - WARNING] No faces are detected.
[2020-01-03 01:26:51,651 - INFO] Frame 15
[2020-01-03 01:26:51,944 - WARNING] No faces are detected.
[2020-01-03 01:26:51,945 - INFO] Frame 16
[2020-01-03 01:26:52,247 - WARNING] No faces are detected.
[2020-01-03 01:26:52,247 - INFO] Frame 17
[2020-01-03 01:26:52,559 - WARNING] No faces are detected.
[2020-01-03 01:26:52,560 - INFO] Frame 18
[2020-01-03 01:26:52,855 - WARNING] No faces are detected.
[2020-01-03 01:26:52,856 - INFO] Frame 19
[2020-01-03 01:26:53,161 - WARNING] No faces are detected.
[2020-01-03 01:26:53,162 - INFO] Frame 20
[2020-01-03 01:26:53,539 - WARNING] No faces are detected.
[2020-01-03 01:26:53,540 - INFO] Frame 21
[2020-01-03 01:26:53,869 - WARNING] No faces are detected.
[2020-01-03 01:26:53,869 - INFO] Frame 22
[2020-01-03 01:26:54,172 - WARNING] No faces are detected.
[2020-01-03 01:26:54,172 - INFO] Frame 23
[2020-01-03 01:26:54,460 - WARNING] No faces are detected.
[2020-01-03 01:26:54,460 - INFO] Frame 24
[2020-01-03 01:26:54,746 - WARNING] No faces are detected.
[2020-01-03 01:26:54,746 - INFO] Frame 25
[2020-01-03 01:26:55,037 - WARNING] No faces are detected.
[2020-01-03 01:26:55,037 - INFO] Frame 26
[2020-01-03 01:26:55,320 - WARNING] No faces are detected.
[2020-01-03 01:26:55,320 - INFO] Frame 27
[2020-01-03 01:26:55,657 - WARNING] No faces are detected.
[2020-01-03 01:26:55,657 - INFO] Frame 28
[2020-01-03 01:26:55,953 - WARNING] No faces are detected.
[2020-01-03 01:26:55,953 - INFO] Frame 29
[2020-01-03 01:26:56,250 - WARNING] No faces are detected.
[2020-01-03 01:26:56,250 - INFO] Frame 30
[2020-01-03 01:26:56,534 - WARNING] No faces are detected.
[2020-01-03 01:26:56,534 - INFO] Frame 31
[2020-01-03 01:26:56,821 - WARNING] No faces are detected.
[2020-01-03 01:26:56,821 - INFO] Frame 32
[2020-01-03 01:26:57,119 - WARNING] No faces are detected.
[2020-01-03 01:26:57,119 - INFO] Frame 33
[2020-01-03 01:26:57,401 - WARNING] No faces are detected.
[2020-01-03 01:26:57,401 - INFO] Frame 34
[2020-01-03 01:26:57,689 - WARNING] No faces are detected.
[2020-01-03 01:26:57,690 - INFO] Frame 35
[2020-01-03 01:26:57,974 - WARNING] No faces are detected.
[2020-01-03 01:26:57,974 - INFO] Frame 36
[2020-01-03 01:26:58,275 - WARNING] No faces are detected.
[2020-01-03 01:26:58,275 - INFO] Frame 37
[2020-01-03 01:26:58,564 - WARNING] No faces are detected.
[2020-01-03 01:26:58,564 - INFO] Frame 38
[2020-01-03 01:26:58,864 - WARNING] No faces are detected.
[2020-01-03 01:26:58,864 - INFO] Frame 39
[2020-01-03 01:26:59,176 - WARNING] No faces are detected.
[2020-01-03 01:26:59,176 - INFO] Frame 40
[2020-01-03 01:26:59,478 - WARNING] No faces are detected.
[2020-01-03 01:26:59,478 - INFO] Frame 41
[2020-01-03 01:26:59,783 - WARNING] No faces are detected.
[2020-01-03 01:26:59,783 - INFO] Frame 42
[2020-01-03 01:27:00,138 - WARNING] No faces are detected.
[2020-01-03 01:27:00,138 - INFO] Frame 43
[2020-01-03 01:27:00,451 - WARNING] No faces are detected.
[2020-01-03 01:27:00,452 - INFO] Frame 44
[2020-01-03 01:27:00,837 - WARNING] No faces are detected.
[2020-01-03 01:27:00,837 - INFO] Frame 45
[2020-01-03 01:27:01,204 - WARNING] No faces are detected.
[2020-01-03 01:27:01,205 - INFO] Frame 46
[2020-01-03 01:27:01,518 - WARNING] No faces are detected.
[2020-01-03 01:27:01,518 - INFO] Frame 47
[2020-01-03 01:27:01,835 - WARNING] No faces are detected.
[2020-01-03 01:27:01,835 - INFO] Frame 48
[2020-01-03 01:27:02,170 - WARNING] No faces are detected.
[2020-01-03 01:27:02,170 - INFO] Frame 49
[2020-01-03 01:27:02,539 - WARNING] No faces are detected.
[2020-01-03 01:27:02,540 - INFO] Frame 50
[2020-01-03 01:27:02,829 - WARNING] No faces are detected.
[2020-01-03 01:27:02,830 - INFO] Frame 51
[2020-01-03 01:27:03,205 - WARNING] No faces are detected.
[2020-01-03 01:27:03,205 - INFO] Frame 52
[2020-01-03 01:27:03,571 - WARNING] No faces are detected.
[2020-01-03 01:27:03,572 - INFO] Frame 53
[2020-01-03 01:27:03,950 - WARNING] No faces are detected.
[2020-01-03 01:27:03,950 - INFO] Frame 54
[2020-01-03 01:27:04,296 - WARNING] No faces are detected.
[2020-01-03 01:27:04,296 - INFO] Frame 55
[2020-01-03 01:27:04,582 - WARNING] No faces are detected.
[2020-01-03 01:27:04,582 - INFO] Frame 56
[2020-01-03 01:27:04,873 - WARNING] No faces are detected.
[2020-01-03 01:27:04,873 - INFO] Frame 57
[2020-01-03 01:27:05,167 - WARNING] No faces are detected.
[2020-01-03 01:27:05,168 - INFO] Frame 58
[2020-01-03 01:27:05,500 - WARNING] No faces are detected.
[2020-01-03 01:27:05,500 - INFO] Frame 59
[2020-01-03 01:27:05,835 - WARNING] No faces are detected.
[2020-01-03 01:27:05,836 - INFO] Frame 60
[2020-01-03 01:27:06,216 - WARNING] No faces are detected.
[2020-01-03 01:27:06,216 - INFO] Frame 61
[2020-01-03 01:27:06,567 - WARNING] No faces are detected.
[2020-01-03 01:27:06,567 - INFO] Frame 62
[2020-01-03 01:27:06,872 - WARNING] No faces are detected.
[2020-01-03 01:27:06,872 - INFO] Frame 63
[2020-01-03 01:27:07,244 - WARNING] No faces are detected.
[2020-01-03 01:27:07,244 - INFO] Frame 64
[2020-01-03 01:27:07,544 - WARNING] No faces are detected.
[2020-01-03 01:27:07,544 - INFO] Frame 65
[2020-01-03 01:27:07,916 - WARNING] No faces are detected.
[2020-01-03 01:27:07,916 - INFO] Frame 66
[2020-01-03 01:27:08,209 - WARNING] No faces are detected.
[2020-01-03 01:27:08,210 - INFO] Frame 67
[2020-01-03 01:27:08,524 - WARNING] No faces are detected.
[2020-01-03 01:27:08,524 - INFO] Frame 68
[2020-01-03 01:27:08,855 - WARNING] No faces are detected.
[2020-01-03 01:27:08,855 - INFO] Frame 69
[2020-01-03 01:27:09,161 - WARNING] No faces are detected.
[2020-01-03 01:27:09,161 - INFO] Frame 70
[2020-01-03 01:27:09,451 - WARNING] No faces are detected.
[2020-01-03 01:27:09,451 - INFO] Frame 71
[2020-01-03 01:27:09,745 - WARNING] No faces are detected.
[2020-01-03 01:27:09,745 - INFO] Frame 72
[2020-01-03 01:27:10,045 - WARNING] No faces are detected.
[2020-01-03 01:27:10,045 - INFO] Frame 73
[2020-01-03 01:27:10,382 - WARNING] No faces are detected.
[2020-01-03 01:27:10,382 - INFO] Frame 74
[2020-01-03 01:27:10,672 - WARNING] No faces are detected.
[2020-01-03 01:27:10,672 - INFO] Frame 75
[2020-01-03 01:27:10,954 - WARNING] No faces are detected.
[2020-01-03 01:27:10,954 - INFO] Frame 76
[2020-01-03 01:27:11,247 - WARNING] No faces are detected.
[2020-01-03 01:27:11,247 - INFO] Frame 77
[2020-01-03 01:27:11,527 - WARNING] No faces are detected.
[2020-01-03 01:27:11,528 - INFO] Frame 78
[2020-01-03 01:27:11,812 - WARNING] No faces are detected.
[2020-01-03 01:27:11,812 - INFO] Frame 79
[2020-01-03 01:27:12,136 - WARNING] No faces are detected.
[2020-01-03 01:27:12,136 - INFO] Frame 80
[2020-01-03 01:27:12,469 - WARNING] No faces are detected.
[2020-01-03 01:27:12,470 - INFO] Frame 81
[2020-01-03 01:27:12,801 - WARNING] No faces are detected.
[2020-01-03 01:27:12,802 - INFO] Frame 82
[2020-01-03 01:27:13,126 - WARNING] No faces are detected.
[2020-01-03 01:27:13,126 - INFO] Frame 83
[2020-01-03 01:27:13,414 - WARNING] No faces are detected.
[2020-01-03 01:27:13,414 - INFO] Frame 84
[2020-01-03 01:27:13,722 - WARNING] No faces are detected.
[2020-01-03 01:27:13,722 - INFO] Frame 85
[2020-01-03 01:27:14,048 - WARNING] No faces are detected.
[2020-01-03 01:27:14,048 - INFO] Frame 86
[2020-01-03 01:27:14,366 - WARNING] No faces are detected.
[2020-01-03 01:27:14,366 - INFO] Frame 87
[2020-01-03 01:27:14,668 - WARNING] No faces are detected.
[2020-01-03 01:27:14,668 - INFO] Frame 88
[2020-01-03 01:27:14,995 - WARNING] No faces are detected.
[2020-01-03 01:27:14,996 - INFO] Frame 89
[2020-01-03 01:27:15,294 - WARNING] No faces are detected.
[2020-01-03 01:27:15,295 - INFO] Frame 90
[2020-01-03 01:27:15,582 - WARNING] No faces are detected.
[2020-01-03 01:27:15,582 - INFO] Frame 91
[2020-01-03 01:27:15,864 - WARNING] No faces are detected.
[2020-01-03 01:27:15,864 - INFO] Frame 92
[2020-01-03 01:27:16,192 - WARNING] No faces are detected.
[2020-01-03 01:27:16,192 - INFO] Frame 93
[2020-01-03 01:27:16,519 - WARNING] No faces are detected.
[2020-01-03 01:27:16,519 - INFO] Frame 94
[2020-01-03 01:27:16,828 - WARNING] No faces are detected.
[2020-01-03 01:27:16,828 - INFO] Frame 95
[2020-01-03 01:27:17,127 - WARNING] No faces are detected.
[2020-01-03 01:27:17,127 - INFO] Frame 96
[2020-01-03 01:27:17,454 - WARNING] No faces are detected.
[2020-01-03 01:27:17,454 - INFO] Frame 97
[2020-01-03 01:27:17,750 - WARNING] No faces are detected.
[2020-01-03 01:27:17,750 - INFO] Frame 98
[2020-01-03 01:27:18,042 - WARNING] No faces are detected.
[2020-01-03 01:27:18,042 - INFO] Frame 99
[2020-01-03 01:27:18,331 - WARNING] No faces are detected.
[2020-01-03 01:27:18,336 - INFO] Prob = nan
[2020-01-03 01:27:18,337 - INFO] Testing: ./input/claudia.jpg
[2020-01-03 01:27:22,149 - INFO] 1 faces are detected.
[2020-01-03 01:27:23,858 - INFO] Prob = 0.27120984
